<?xml version="1.0" encoding="UTF-8"?>
<!-- Generated by org.testng.reporters.JUnitXMLReporter -->
<testsuite ignored="0" hostname="DESKTOP-7OK20NU" failures="0" tests="3" name="Default test" time="0.597" errors="0" timestamp="2024-09-14T03:12:09 EET">
  <testcase classname="DBPackage.MainClass" name="OrderPlacementandPayment" time="0.078"/>
  <testcase classname="DBPackage.MainClass" name="ProductManagement" time="0.024"/>
  <testcase classname="DBPackage.MainClass" name="ReferentialIntegrityTest" time="0.038"/>
</testsuite> <!-- Default test -->
