<?xml version="1.0" encoding="UTF-8"?>
<!-- Generated by org.testng.reporters.JUnitXMLReporter -->
<testsuite ignored="0" hostname="DESKTOP-7OK20NU" failures="0" tests="5" name="Default test" time="0.582" errors="0" timestamp="2024-09-14T19:15:16 EET">
  <testcase classname="DBPackage.MainClass" name="OrderPlacementandPayment" time="0.069"/>
  <testcase classname="DBPackage.MainClass" name="ProductManagement" time="0.022"/>
  <testcase classname="DBPackage.MainClass" name="ReferentialIntegrityTest" time="0.035"/>
  <testcase classname="DBPackage.MainClass" name="OrderRollback" time="0.006"/>
  <testcase classname="DBPackage.MainClass" name="PaymentAmountConsistency" time="0.003"/>
</testsuite> <!-- Default test -->
