<?xml version="1.0" encoding="UTF-8"?>
<testng-results ignored="0" total="5" passed="5" failed="0" skipped="0">
  <reporter-output>
  </reporter-output>
  <suite started-at="2024-09-14T19:15:15 EET" name="Default suite" finished-at="2024-09-14T19:15:16 EET" duration-ms="582">
    <groups>
    </groups>
    <test started-at="2024-09-14T19:15:15 EET" name="Default test" finished-at="2024-09-14T19:15:16 EET" duration-ms="582">
      <class name="DBPackage.MainClass">
        <test-method is-config="true" signature="mysetup()[pri:0, instance:DBPackage.MainClass@3f6f6701]" started-at="2024-09-14T19:15:15 EET" name="mysetup" finished-at="2024-09-14T19:15:16 EET" duration-ms="413" status="PASS">
          <reporter-output>
          </reporter-output>
        </test-method> <!-- mysetup -->
        <test-method signature="OrderPlacementandPayment()[pri:1, instance:DBPackage.MainClass@3f6f6701]" started-at="2024-09-14T19:15:16 EET" name="OrderPlacementandPayment" finished-at="2024-09-14T19:15:16 EET" duration-ms="69" status="PASS">
          <reporter-output>
          </reporter-output>
        </test-method> <!-- OrderPlacementandPayment -->
        <test-method signature="ProductManagement()[pri:2, instance:DBPackage.MainClass@3f6f6701]" started-at="2024-09-14T19:15:16 EET" name="ProductManagement" finished-at="2024-09-14T19:15:16 EET" duration-ms="22" status="PASS">
          <reporter-output>
          </reporter-output>
        </test-method> <!-- ProductManagement -->
        <test-method signature="ReferentialIntegrityTest()[pri:3, instance:DBPackage.MainClass@3f6f6701]" started-at="2024-09-14T19:15:16 EET" name="ReferentialIntegrityTest" finished-at="2024-09-14T19:15:16 EET" duration-ms="35" status="PASS">
          <reporter-output>
          </reporter-output>
        </test-method> <!-- ReferentialIntegrityTest -->
        <test-method signature="OrderRollback()[pri:4, instance:DBPackage.MainClass@3f6f6701]" started-at="2024-09-14T19:15:16 EET" name="OrderRollback" finished-at="2024-09-14T19:15:16 EET" duration-ms="6" status="PASS">
          <reporter-output>
          </reporter-output>
        </test-method> <!-- OrderRollback -->
        <test-method signature="PaymentAmountConsistency()[pri:5, instance:DBPackage.MainClass@3f6f6701]" started-at="2024-09-14T19:15:16 EET" name="PaymentAmountConsistency" finished-at="2024-09-14T19:15:16 EET" duration-ms="3" status="PASS">
          <reporter-output>
          </reporter-output>
        </test-method> <!-- PaymentAmountConsistency -->
      </class> <!-- DBPackage.MainClass -->
    </test> <!-- Default test -->
  </suite> <!-- Default suite -->
</testng-results>
